23-Nov-25 17:47:45: root - INFO - No BLE address provided, will search for device...
23-Nov-25 17:47:45: root - INFO - [BLE]: BLE client initiliazed
23-Nov-25 17:47:50: root - INFO - [BLE]: One IGEB device found, assinging address D9:23:64:C0:46:A9
23-Nov-25 17:47:50: root - INFO - [BLE]: Received address as D9:23:64:C0:46:A9
23-Nov-25 17:47:50: root - INFO - [CLIENT]: Recording timer set to: 36000 seconds
23-Nov-25 17:47:50: root - INFO - [CLIENT]: Start recording
23-Nov-25 17:47:50: root - INFO - [CLIENT] Recording ID: py-8a0f9165-ab28-4c76-8755-06c0cb5863a1
23-Nov-25 17:47:50: root - INFO - [CLIENT] Experiment description: EyeTracker
23-Nov-25 17:47:50: root - INFO - [BLE]: Trying to connect to D9:23:64:C0:46:A9.....
23-Nov-25 17:47:51: root - INFO - [BLE]: Searching for MAC address
23-Nov-25 17:47:52: root - INFO - [BLE] Device ID (based on MAC address is): D9-23-64-C0-46-A9
23-Nov-25 17:47:52: root - INFO - [BLE]: Firmware version: 1.0.0
23-Nov-25 17:47:52: root - INFO - [BLE]: Connected to D9:23:64:C0:46:A9
23-Nov-25 17:47:52: root - INFO - [BLE]: Current Device Status=1
23-Nov-25 17:47:52: root - INFO - [BLE]: Connection: True
23-Nov-25 17:47:52: root - INFO - [BLE]: Initialize: False
23-Nov-25 17:47:52: root - INFO - [BLE]: Device connected
23-Nov-25 17:47:52: root - INFO - [BLE]: Sending start commands
23-Nov-25 17:47:52: root - INFO - [BLE]: Subscribing EEG notification
23-Nov-25 17:48:08: root - INFO - [BLE]: KeyboardInterrupt applied, terminating...
23-Nov-25 17:48:08: root - INFO - [BLE]: Sending stop signal to device and cloud, please wait a moment ...
23-Nov-25 17:48:08: root - INFO - [BLE]: Giving time to API client to send data
23-Nov-25 17:48:09: root - INFO - [BLE]: Sending stop command to device
23-Nov-25 17:48:10: root - INFO - [BLE]: Sending disconnect command to device
23-Nov-25 17:48:14: root - INFO - [BLE]: Callback function recognised a disconnection.
23-Nov-25 17:48:15: root - INFO - [BLE]: Recording successfully stopped
23-Nov-25 17:48:15: root - INFO - [BLE]: Giving time to API client to send data
23-Nov-25 17:48:16: root - INFO - [BLE]: Ensuring device is disconnected
23-Nov-25 17:48:18: root - INFO - [BLE]: -----------  BLE client is COMPLETED ----------- 
